<?xml version="1.0" encoding="UTF-8"?>
<testng-results ignored="0" total="4" passed="4" failed="0" skipped="0">
  <reporter-output>
  </reporter-output>
  <suite started-at="2025-09-08T17:25:50 IST" name="Zoom Test Suite" finished-at="2025-09-08T17:26:18 IST" duration-ms="27937">
    <groups>
    </groups>
    <test started-at="2025-09-08T17:25:50 IST" name="Zoom Login Tests" finished-at="2025-09-08T17:26:18 IST" duration-ms="27937">
      <class name="testCases.TC01_LoginPage">
        <test-method is-config="true" signature="setup()[pri:0, instance:testCases.TC01_LoginPage@51399530]" started-at="2025-09-08T17:25:50 IST" name="setup" finished-at="2025-09-08T17:25:52 IST" duration-ms="1703" status="PASS">
          <reporter-output>
          </reporter-output>
        </test-method> <!-- setup -->
        <test-method signature="testLogin()[pri:0, instance:testCases.TC01_LoginPage@51399530]" started-at="2025-09-08T17:25:52 IST" name="testLogin" finished-at="2025-09-08T17:25:56 IST" duration-ms="4334" status="PASS">
          <reporter-output>
          </reporter-output>
        </test-method> <!-- testLogin -->
        <test-method signature="testLoginWindow()[pri:1, instance:testCases.TC01_LoginPage@51399530]" started-at="2025-09-08T17:25:56 IST" name="testLoginWindow" finished-at="2025-09-08T17:26:04 IST" duration-ms="8292" status="PASS">
          <reporter-output>
          </reporter-output>
        </test-method> <!-- testLoginWindow -->
        <test-method signature="meetingsPage()[pri:2, instance:testCases.TC01_LoginPage@51399530]" started-at="2025-09-08T17:26:04 IST" name="meetingsPage" finished-at="2025-09-08T17:26:14 IST" duration-ms="9349" status="PASS">
          <reporter-output>
          </reporter-output>
        </test-method> <!-- meetingsPage -->
        <test-method signature="meetingDelete()[pri:3, instance:testCases.TC01_LoginPage@51399530]" started-at="2025-09-08T17:26:14 IST" name="meetingDelete" finished-at="2025-09-08T17:26:18 IST" duration-ms="3923" status="PASS">
          <reporter-output>
          </reporter-output>
        </test-method> <!-- meetingDelete -->
        <test-method is-config="true" signature="tearDown()[pri:0, instance:testCases.TC01_LoginPage@51399530]" started-at="2025-09-08T17:26:18 IST" name="tearDown" finished-at="2025-09-08T17:26:18 IST" duration-ms="303" status="PASS">
          <reporter-output>
          </reporter-output>
        </test-method> <!-- tearDown -->
      </class> <!-- testCases.TC01_LoginPage -->
    </test> <!-- Zoom Login Tests -->
  </suite> <!-- Zoom Test Suite -->
</testng-results>
