<?xml version="1.0" encoding="UTF-8"?>
<!-- Generated by org.testng.reporters.JUnitXMLReporter -->
<testsuite ignored="0" hostname="GSD-86003297" failures="0" tests="4" name="Zoom Login Tests" time="42.204" errors="0" timestamp="2025-09-08T18:18:08 IST">
  <testcase classname="testCases.TC01_LoginPage" name="testLogin" time="3.332"/>
  <testcase classname="testCases.TC01_LoginPage" name="testLoginWindow" time="8.544"/>
  <testcase classname="testCases.TC01_LoginPage" name="meetingsPage" time="24.008"/>
  <testcase classname="testCases.TC01_LoginPage" name="meetingDelete" time="4.031"/>
</testsuite> <!-- Zoom Login Tests -->
