<?xml version="1.0" encoding="UTF-8"?>
<!-- Generated by org.testng.reporters.JUnitXMLReporter -->
<testsuite ignored="0" hostname="GSD-86003297" failures="0" tests="4" name="Zoom Login Tests" time="28.29" errors="0" timestamp="2025-09-08T18:03:35 IST">
  <testcase classname="testCases.TC01_LoginPage" name="testLogin" time="3.938"/>
  <testcase classname="testCases.TC01_LoginPage" name="testLoginWindow" time="8.404"/>
  <testcase classname="testCases.TC01_LoginPage" name="meetingsPage" time="10.091"/>
  <testcase classname="testCases.TC01_LoginPage" name="meetingDelete" time="3.668"/>
</testsuite> <!-- Zoom Login Tests -->
